TN:
SF:/home/labber/scheduler/src/components/Application.js
FN:16,Application
FN:27,(anonymous_1)
FNF:2
FNH:2
FNDA:2,Application
FNDA:2,(anonymous_1)
DA:22,2
DA:24,2
DA:26,2
DA:28,2
DA:41,2
LF:5
LH:5
BRF:0
BRH:0
end_of_record
TN:
SF:/home/labber/scheduler/src/components/Button.js
FN:7,Button
FNF:1
FNH:1
FNDA:23,Button
DA:8,23
DA:13,23
LF:2
LH:2
BRF:0
BRH:0
end_of_record
TN:
SF:/home/labber/scheduler/src/components/DayList.js
FN:5,DayList
FN:6,(anonymous_1)
FNF:2
FNH:2
FNDA:2,DayList
FNDA:2,(anonymous_1)
DA:6,2
DA:7,2
DA:18,2
LF:3
LH:3
BRF:0
BRH:0
end_of_record
TN:
SF:/home/labber/scheduler/src/components/DayListItem.js
FN:6,formatSpots
FN:13,DayListItem
FN:22,(anonymous_2)
FNF:3
FNH:2
FNDA:2,formatSpots
FNDA:2,DayListItem
FNDA:0,(anonymous_2)
DA:7,2
DA:8,2
DA:10,0
DA:14,2
DA:19,2
DA:22,0
LF:6
LH:4
BRDA:7,0,0,0
BRDA:7,0,1,2
BRDA:8,1,0,2
BRDA:8,1,1,0
BRF:4
BRH:2
end_of_record
TN:
SF:/home/labber/scheduler/src/components/InterviewerList.js
FN:9,InterviewerList
FN:10,(anonymous_1)
FN:18,(anonymous_2)
FNF:3
FNH:2
FNDA:11,InterviewerList
FNDA:11,(anonymous_1)
FNDA:0,(anonymous_2)
DA:10,11
DA:11,11
DA:18,0
DA:23,11
DA:31,3
LF:5
LH:4
BRF:0
BRH:0
end_of_record
TN:
SF:/home/labber/scheduler/src/components/InterviewerListItem.js
FN:6,InterviewerItem
FNF:1
FNH:1
FNDA:11,InterviewerItem
DA:7,11
DA:11,11
LF:2
LH:2
BRDA:18,0,0,11
BRDA:18,0,1,3
BRF:2
BRH:2
end_of_record
TN:
SF:/home/labber/scheduler/src/components/Appointment/Confirm.js
FN:5,Confirm
FNF:1
FNH:0
FNDA:0,Confirm
DA:6,0
LF:1
LH:0
BRF:0
BRH:0
end_of_record
TN:
SF:/home/labber/scheduler/src/components/Appointment/Empty.js
FN:3,Empty
FNF:1
FNH:1
FNDA:4,Empty
DA:4,4
LF:1
LH:1
BRF:0
BRH:0
end_of_record
TN:
SF:/home/labber/scheduler/src/components/Appointment/Error.js
FN:3,Error
FNF:1
FNH:0
FNDA:0,Error
DA:4,0
LF:1
LH:0
BRF:0
BRH:0
end_of_record
TN:
SF:/home/labber/scheduler/src/components/Appointment/Form.js
FN:6,Form
FN:11,reset
FN:17,cancel
FN:22,validate
FN:32,validate
FN:49,(anonymous_5)
FN:56,(anonymous_6)
FNF:7
FNH:5
FNDA:11,Form
FNDA:1,reset
FNDA:1,cancel
FNDA:0,validate
FNDA:4,validate
FNDA:0,(anonymous_5)
FNDA:2,(anonymous_6)
DA:7,11
DA:8,11
DA:9,11
DA:12,1
DA:13,1
DA:14,1
DA:18,1
DA:19,1
DA:23,0
DA:24,0
DA:25,0
DA:28,0
DA:29,0
DA:33,4
DA:34,2
DA:35,2
DA:38,2
DA:39,1
DA:40,1
DA:43,1
DA:46,11
DA:49,0
DA:57,2
LF:23
LH:17
BRDA:7,0,0,11
BRDA:7,0,1,6
BRDA:8,1,0,11
BRDA:8,1,1,8
BRDA:23,2,0,0
BRDA:23,2,1,0
BRDA:33,3,0,2
BRDA:33,3,1,2
BRDA:38,4,0,1
BRDA:38,4,1,1
BRF:10
BRH:8
end_of_record
TN:
SF:/home/labber/scheduler/src/components/Appointment/Header.js
FN:3,Header
FNF:1
FNH:1
FNDA:5,Header
DA:4,5
LF:1
LH:1
BRF:0
BRH:0
end_of_record
TN:
SF:/home/labber/scheduler/src/components/Appointment/Show.js
FN:3,Show
FNF:1
FNH:1
FNDA:1,Show
DA:4,1
LF:1
LH:1
BRDA:11,0,0,1
BRDA:11,0,1,1
BRF:2
BRH:2
end_of_record
TN:
SF:/home/labber/scheduler/src/components/Appointment/Status.js
FN:3,Status
FNF:1
FNH:0
FNDA:0,Status
DA:4,0
LF:1
LH:0
BRF:0
BRH:0
end_of_record
TN:
SF:/home/labber/scheduler/src/components/Appointment/index.js
FN:12,Appointment
FN:27,(anonymous_1)
FN:31,(anonymous_2)
FN:35,save
FN:45,(anonymous_4)
FN:46,(anonymous_5)
FN:49,destroy
FN:53,(anonymous_7)
FN:54,(anonymous_8)
FN:65,(anonymous_9)
FN:66,(anonymous_10)
FNF:11
FNH:1
FNDA:5,Appointment
FNDA:0,(anonymous_1)
FNDA:0,(anonymous_2)
FNDA:0,save
FNDA:0,(anonymous_4)
FNDA:0,(anonymous_5)
FNDA:0,destroy
FNDA:0,(anonymous_7)
FNDA:0,(anonymous_8)
FNDA:0,(anonymous_9)
FNDA:0,(anonymous_10)
DA:13,5
DA:14,5
DA:15,5
DA:16,5
DA:17,5
DA:18,5
DA:19,5
DA:20,5
DA:21,5
DA:23,5
DA:27,5
DA:28,0
DA:31,5
DA:32,0
DA:36,0
DA:41,0
DA:43,0
DA:45,0
DA:46,0
DA:50,0
DA:51,0
DA:53,0
DA:54,0
DA:57,5
DA:65,0
DA:66,0
LF:26
LH:13
BRDA:24,0,0,1
BRDA:24,0,1,4
BRDA:60,1,0,5
BRDA:60,1,1,4
BRDA:61,2,0,5
BRDA:61,2,1,1
BRDA:69,3,0,5
BRDA:69,3,1,0
BRDA:75,4,0,5
BRDA:75,4,1,0
BRDA:84,5,0,5
BRDA:84,5,1,0
BRDA:85,6,0,5
BRDA:85,6,1,0
BRDA:86,7,0,5
BRDA:86,7,1,0
BRDA:93,8,0,5
BRDA:93,8,1,0
BRDA:96,9,0,5
BRDA:96,9,1,0
BRF:20
BRH:13
end_of_record
TN:
SF:/home/labber/scheduler/src/helpers/selectors.js
FN:1,getAppointmentsForDay
FN:2,(anonymous_1)
FN:6,(anonymous_2)
FN:9,getInterviewersForDay
FN:10,(anonymous_4)
FN:14,(anonymous_5)
FN:17,getInterview
FNF:7
FNH:7
FNDA:7,getAppointmentsForDay
FNDA:7,(anonymous_1)
FNDA:10,(anonymous_2)
FNDA:7,getInterviewersForDay
FNDA:7,(anonymous_4)
FNDA:8,(anonymous_5)
FNDA:4,getInterview
DA:2,7
DA:4,7
DA:6,10
DA:10,7
DA:12,7
DA:14,8
DA:18,4
LF:7
LH:7
BRDA:4,0,0,3
BRDA:4,0,1,4
BRDA:4,1,0,7
BRDA:4,1,1,5
BRDA:12,2,0,3
BRDA:12,2,1,4
BRDA:12,3,0,7
BRDA:12,3,1,5
BRDA:19,4,0,4
BRDA:19,4,1,2
BRF:10
BRH:10
end_of_record
TN:
SF:/home/labber/scheduler/src/hooks/useApplicationData.js
FN:13,useApplicationData
FN:21,(anonymous_1)
FN:23,(anonymous_2)
FN:29,(anonymous_3)
FN:41,bookInterview
FN:42,(anonymous_5)
FN:51,cancelInterview
FN:52,(anonymous_7)
FNF:8
FNH:3
FNDA:2,useApplicationData
FNDA:0,(anonymous_1)
FNDA:1,(anonymous_2)
FNDA:1,(anonymous_3)
FNDA:0,bookInterview
FNDA:0,(anonymous_5)
FNDA:0,cancelInterview
FNDA:0,(anonymous_7)
DA:14,2
DA:21,2
DA:23,2
DA:24,1
DA:30,1
DA:39,2
DA:42,0
DA:43,0
DA:52,0
DA:53,0
DA:61,2
LF:11
LH:7
BRF:0
BRH:0
end_of_record
TN:
SF:/home/labber/scheduler/src/hooks/useRealtimeUpdate.js
FN:4,useRealtimeUpdate
FN:5,(anonymous_1)
FN:8,(anonymous_2)
FN:16,(anonymous_3)
FNF:4
FNH:3
FNDA:2,useRealtimeUpdate
FNDA:1,(anonymous_1)
FNDA:0,(anonymous_2)
FNDA:1,(anonymous_3)
DA:5,2
DA:6,1
DA:8,1
DA:9,0
DA:11,0
DA:12,0
DA:16,1
DA:17,1
LF:8
LH:5
BRDA:11,0,0,0
BRDA:11,0,1,0
BRDA:11,1,0,0
BRDA:11,1,1,0
BRF:4
BRH:0
end_of_record
TN:
SF:/home/labber/scheduler/src/hooks/useVisualMode.js
FN:3,useVisualMode
FN:6,transition
FN:8,(anonymous_2)
FN:10,(anonymous_3)
FN:20,back
FN:22,(anonymous_5)
FNF:6
FNH:6
FNDA:18,useVisualMode
FNDA:5,transition
FNDA:4,(anonymous_2)
FNDA:1,(anonymous_3)
FNDA:4,back
FNDA:3,(anonymous_5)
DA:4,18
DA:7,5
DA:8,4
DA:10,1
DA:21,4
DA:22,3
DA:26,18
LF:7
LH:7
BRDA:6,0,0,4
BRDA:7,1,0,4
BRDA:7,1,1,1
BRDA:21,2,0,3
BRDA:21,2,1,1
BRF:5
BRH:5
end_of_record
TN:
SF:/home/labber/scheduler/src/reducers/application.js
FN:5,reducer
FN:27,(anonymous_1)
FN:30,(anonymous_2)
FN:34,(anonymous_3)
FNF:4
FNH:1
FNDA:2,reducer
FNDA:0,(anonymous_1)
FNDA:0,(anonymous_2)
FNDA:0,(anonymous_3)
DA:1,2
DA:2,2
DA:3,2
DA:6,2
DA:8,0
DA:10,1
DA:17,0
DA:22,0
DA:27,0
DA:28,0
DA:30,0
DA:34,0
DA:35,0
DA:43,0
DA:50,1
LF:15
LH:6
BRDA:6,0,0,0
BRDA:6,0,1,1
BRDA:6,0,2,0
BRDA:6,0,3,1
BRDA:19,1,0,0
BRDA:19,1,1,0
BRDA:30,2,0,0
BRDA:30,2,1,0
BRDA:35,3,0,0
BRDA:35,3,1,0
BRF:10
BRH:2
end_of_record
